[    0.0000] Linuxvesion 4.15.0-72-genric buldd@ly0-amd6-06) (gccvesion 7.4.0 (Ubuntu 7.4.0-1ubuntu1~18.01)) #81-Ubuntu SMP Tue Nov 26 12:20:02 UTC 2019 (Ubuntu 4.15.0-72.81-generic 4.15.18)
[    0.000000]Command lne: BOOT_IMAGE=boot/vmlinuz-15.072generi rot=UUID=ec65c92-9eb429-80be-2dfcaf8bc5 r console=tty1 console=ttyS0
[    0.000000] KERNEL supported cpus:
[    0.000000]   Intel GenuineIntel
[    0.00000   AMAutheicAMD
[  0.00000]  CentaurentaurHauls
[    0.000000] x86/fpu: Supporting XSAVE feature 0x001: 'x87 floating point regisers'
[    0.000000] x86/fpu: Supporting XSAVE feature 0x002: 'SSE regters'
[  0.000000 x86/fpu: Supporting XSAVE feature 0x004: 'AVX registers'
[    0.000000] x86/fpu: xstate_offset[2]:  576, xstate_sizes[2]:  256
[   0.0000] 6/fpu Eabl xsttefeature0x7, cotet size is 32 bte, using 'standard foma.
[    0.000000] e820: BIOS-provided physical RAM map:
[    0.000000] BIOS-e820: [mem 0x0000000000000000-0x0000000009fbff] usable
[    0.000000] BIOS-e820: [mem 0x000000000009fc00-0x000000000009ffff] reserved
[    0.000000] BIOS-e820: [mem 0x00000000000f0000-0x00000000000fffff] reserved
[    0.000000] BIOS-e820: [mem 0x0000000000100000-0x000000003ffeffff] usable
[   0.0000] BIOS-e820: [mem 0x000000003fff0000-0x000000003fffff]ACPdata
[  0.000000] BIOS-e820: [mem 0x00000000fec00000-0x00000ec00fff] reserved
[    0.000000] BIOS-e820: [mem 0x00000000fee00000-0x00000000fee00fff] reserved
[    0.000000] BIOS-e820: [mem 0x00000000fffc0000-0x00000000ffffffff] reservd
   0.000000] NX (Execute Disable) protection: active
[    0.000000] SMBIOS 2.5 present.
[    0.000000] DMI: innotek GmbH VirtualBox/VirtualBox, BIOS VirtualBox 12/01/2006
[    0.000000] Hypervisor detected: KVM
[    0.000000] e820: last_pfn = 0x3fff0 max_arch_pfn = 0x400000000
[    0.000000] MTRR: Disabled
[    0.000000] x86/PAT: MTRRs disabled, skipping PAT initialization too.
[    0.000000] CPU MTRRs all blank - virtualized system.
[    0.000000] x86/PAT: Configuration [0-7]: WB  W UC-   WB W  UC- UC 
    0.000000] found SMP MP-table at [mem 0x0009fff0-0x0009ffff]
[    0.000000] Scanning 1 areas for low memory oruption
[    0.000000] RAMDISK: [mem 0x35967000-0x36caafff]
[    0.00000] ACPI: Early table checsum veifcati disabled
[    0.000000] ACPI: RSDP 0x00000000000E0000 000024 (v02 VBOX  )
[    0.000000] ACPI: XSDT 0x000000003FFF0030 00003C (v01 VBOX   VBOXXSDT 00000001 ASL  00000061)
[    0.000000] ACPI: FACP 0x000000003FFF00F0 0000F4 (v04 VBOX   VBOXFACP 00000001 ASL  00000061)
[    0.000000] ACPI: DSDT 0x000000003F0470 0021FF (v02 VBOX   VBOXBIOS 00000002 INTL 20100528)
[    0.000000] ACPI: FACS 0x000000003FFF0200 000040
[    0.000000] ACPI: FACS 0x000000003FFF0200 000040
[    0.000000] ACPI: APIC 0x00000003FFF24 000C v02 VBOX   VBOXAPIC 0000001 AL 0000061)
[    0.000000] ACPI: SSDT 0x000000003FFF02A0 0001CC (v01 VBOX   VBOXCPUT 00000002 INL 200528)[   000000]No NUA onfigatio fun
    000000] Faking a node at [mem 0x0000000000000000-0x000000003ffeffff]
[    0.000000] NODE_DATA(0) allocated [mem 0x3ffc5000-0x3ffeffff]
[    0.000000] kvm-clock: cpu 0, msr 0:3ff44001, primary cpu clock
[    0.000000] kvm-lok: Using msrs 4b564d01 and 4b564d00
[    0.000000] kvm-clock: using sched offset of 3426256654 cycles
[    0.000000] clocksource: kvm-clock: mask: 0ffffffffffffff mx_ycles:0xcd42e4dffb, max_idle_ns: 8815051483ns
[   0.000000] Zone ranges:
[    0.00000] DMA     mem 0x000000000100-0x00000000ffffff]
[   .00000   DMA32   [em 0x0000000100000-0x000000003ffeffff]
[    0.00000]  Normal   pty
[    0.000000]   Device   empty
[    0.000000] Movable zone start for each noe
[    0.000000] Early memory node ranges
[    0.000000]   node   0: [mem 0x0000000000001000-0x000000000009efff]
[    0.000000]   node   0: [mem 0x0000000000100000-0x000000003ffeffff]
[    0.000000] Reserved but unavailable: 98 pages
[    0.000000] Initmem setup node 0 [mem 00000000000001000-0x000000003ffeffff]
[    0.000000] ACPI: PM-Timer IO Port: 0x4008
[    0.000000] IOAPIC[0]: apic_id 2, version 2,address 0xfec00000, GSI 0-23
[  0.000000] ACI:INT_SR_OR (bus0 us_irq0 loba_iq 2 dfldf)
[   .0000] API: INT_SRC_OVR (bus 0 bus_irq 9 global_irq 9 low level)
[    00000] Uin ACPI (MADT) for SMP configuration information
[    0.000000] smpboot: Allowing 2 CPUs, 0 hotplug CPUs
[    0.000000] PM: Registered nosave memory: [mem 0x00000000-0x00000fff]
[    0.000000] PM: Registered nosave memory: [mem 0x0009f000-0x0009fff]
[   .000000 PM: Regstred noave meor: [mem 0x00a000-0x000fff]
[  0.000000] PM: Registered nosave memory: [mem 0x000f0000-0x000ffff]
[   0.0000] 820[mem 0400000-0febfff] aaiable for PCI dvies
[  0.0000] Boing paravirtualized kernel on KVM
[    0.000000] clocksource: refined-jiffies: mask: 0xffffffff max_cycles: 0xffffffff, max_idle_ns: 7645519600211568 ns
[    0.000000] random: ge_rndomytescaled from start_kernel+0x99/0x4fd with crng_init=0
[    0.000000] setup_percpu: NR_CPUS:8192 nr_cpumask_bits:2 nr_cpu_ids:2 nr_node_ids:1
[    0.000000] percpu: Embedded 45 pages/cpu s147456 r8192 d28672 u1048576
[    0.00000] PV qspinlock hash table eries: 26 orde: , 496bytes)
[   0.00000]Buil 1zonelists, mobility grouping on.  Total pages: 25713
[    0.000000] Policy zone: DMA32
[    0.000000] Kernel command line: BOOT_IMAGE=/boot/vmlinuz-4.15.0-72-generic root=UUID=ec65c921-96eb-4429-80be-a2d5fcaf8bc5roconsole=ttyconslettyS
[    000000 Mmory: 98268K/104810Kavaiabe (230K krnel code,2481K rwdata, 4264K rodata, 2428K init, 2388K bss, 65252K reserved, 0K cma-reserved)
[    0.000000] SLUB: HWalign=64, Order=0-3, MinObjects=0, CPUs=2, Nodes=1
[    0.000000] Kernel/User page tables isolation: enabled
[    0.000000] ftrace: alocang 39318 etres in 54page
    .04000] Hiearhical RC iplemenaton
    0.0400] RC retrcting CUs frm NRCPS=19 to nrcp_id=2
[   .004000] 	Tasks RU nabed.
[   0.00400]RCU: Adjstnggemetry for rcu_fanout_leaf=16, nr_cpu_ids=2
[    0.004000] NR_IRQS: 2444, nr_rq: 440, palloced ir: 16
[   0.004000] Console: colour VGA+ 80x25
[    0.004000] consle [tty1] enabled
[    0.004000] console [ttyS0] enabled
[    0.004000] ACPI: Core revision 20170831
[    0.004000] ACPI: 2 ACPI AML tables successfully acquired and loaded
[    0.004000] APIC: Switch to symmetric I/O mode setup
[    0.004255] x2apic enabled
[    0.008012] Switched APIC routing to physical x2apic.
[    0.013050] ..TIMER: vector=0x30 apic1=0 pin1=2 apic2=-1 pin2=-1
[    0.016007] tsc: Detected 2699.998 MHz processor
[    0.020014] Calibrating delay loop (skipped) preset value.. 5399.99 BogoMIPS (lpj=10799992)
[    0.024009] pid_max: default: 32768 minimum: 301
[    0.024963] Security Framework initialized
[    0.025779] Yama: becoming mindful.
[    0.026545] AppArmor: AppArmor initialized
[    0.032062] Dentry cache hash table entries: 131072 (order: 8, 1048576 bytes)
[    0.036078] Inode-cache hash table entries: 65536 (order: 7, 524288 bytes)
[    0.040037] Mount-cache hash table entries: 2048 (order: 2, 16384 bytes)
[    0.044017] Mountpoint-cache hash table entries: 2048 (order: 2, 16384 bytes)
[    0.045664] Last level iTLB entries: 4KB 64, 2MB 8, 4MB 8
[    0.048010] Last level dTLB entries: 4KB 64, 2MB 0, 4MB 0, 1GB 4
[    0.052009] Spectre V1 : Mitigation: usercopy/swapgs barriers and __user pointer sanitization
[    0.056052] Spectre V2 : Mitigation: Full generic retpoline
[    0.060008] Spectre V2 : Spectre v2 / SpectreRSB mitigation: Filling RSB on context switch
[    0.064010] Speculative Store Bypass: Vulnerable
[    0.068064] MDS: Vulnerable: Clear CPU buffers attempted, no microcode
[    0.072590] Freeing SMP alternatives memory: 36K
[    0.192734] smpboot: CPU0: Intel(R) Core(TM) i5-5257U CPU @ 2.70GHz (family: 0x6, model: 0x3d, stepping: 0x4)
[    0.196112] Performance Events: unsupported p6 CPU model 61 no PMU driver, software events only.
[    0.200161] Hierarchical SRCU implementation.
[    0.208113] NMI watchdog: Perf event create on CPU 0 failed with -2
[    0.210873] NMI watchdog: Perf NMI watchdog permanently disabled
[    0.212132] smp: Bringing up secondary CPUs ...
[    0.216179] x86: Booting SMP configuration:
[    0.220009] .... node  #0, CPUs:      #1
[    0.004000] kvm-clock: cpu 1, msr 0:3ff44041, secondary cpu clock
[    0.250633] smp: Brought up 1 node, 2 CPUs
[    0.252011] smpboot: Max logical packages: 1
[    0.256008] smpboot: Total of 2 processors activated (10799.99 BogoMIPS)
[    0.260183] devtmpfs: initialized
[    0.264078] x86/mm: Memory block size: 128MB
[    0.265190] evm: security.selinux
[    0.265967] evm: security.SMACK64
[    0.266936] evm: security.SMACK64EXEC
[    0.268040] evm: security.SMACK64TRANSMUTE
[    0.272007] evm: security.SMACK64MMAP
[    0.276002] evm: security.apparmor
[    0.280004] evm: security.ima
[    0.280727] evm: security.capability
[    0.281528] clocksource: jiffies: mask: 0xffffffff max_cycles: 0xffffffff, max_idle_ns: 7645041785100000 ns
[    0.284091] futex hash table entries: 512 (order: 3, 32768 bytes)
[    0.292045] pinctrl core: initialized pinctrl subsystem
[    0.296144] RTC time:  9:18:10, date: 12/10/19
[    0.300332] NET: Registered protocol family 16
[    0.304140] audit: initializing netlink subsys (disabled)
[    0.308067] audit: type=2000 audit(1575969485.176:1): state=initialized audit_enabled=0 res=1
[    0.448016] cpuidle: using governor ladder
[    0.452045] cpuidle: using governor menu
[    0.456059] ACPI: bus type PCI registered
[    0.459351] acpiphp: ACPI Hot Plug PCI Controller Driver version: 0.5
[    0.460105] PCI: Using configuration type 1 for base access
[    0.465018] HugeTLB registered 2.00 MiB page size, pre-allocated 0 pages
[    0.472103] ACPI: Added _OSI(Module Device)
[    0.476013] ACPI: Added _OSI(Processor Device)
[    0.477591] ACPI: Added _OSI(3.0 _SCP Extensions)
[    0.478504] ACPI: Added _OSI(Processor Aggregator Device)
[    0.480012] ACPI: Added _OSI(Linux-Dell-Video)
[    0.484010] ACPI: Added _OSI(Linux-Lenovo-NV-HDMI-Audio)
[    0.488020] ACPI: Added _OSI(Linux-HPI-Hybrid-Graphics)
[    0.492382] ACPI: Executed 1 blocks of module-level executable AML code
[    0.504000] ACPI: Interpreter enabled
[    0.504061] ACPI: (supports S0 S5)
[    0.508007] ACPI: Using IOAPIC for interrupt routing
[    0.516251] PCI: Using host bridge windows from ACPI; if necessary, use "pci=nocrs" and report a bug
[    0.520201] ACPI: Enabled 2 GPEs in block 00 to 07
[    0.537112] ACPI: PCI Root Bridge [PCI0] (domain 0000 [bus 00-ff])
[    0.540067] acpi PNP0A03:00: _OSC: OS supports [ASPM ClockPM Segments MSI]
[    0.544383] acpi PNP0A03:00: _OSC: not requesting OS control; OS requires [ExtendedConfig ASPM ClockPM MSI]
[    0.548028] acpi PNP0A03:00: fail to add MMCONFIG information, can't access extended PCI configuration space under this bridge.
[    0.554566] PCI host bridge to bus 0000:00
[    0.556011] pci_bus 0000:00: root bus resource [io  0x0000-0x0cf7 window]
[    0.560010] pci_bus 0000:00: root bus resource [io  0x0d00-0xffff window]
[    0.564011] pci_bus 0000:00: root bus resource [mem 0x000a0000-0x000bffff window]
[    0.568051] pci_bus 0000:00: root bus resource [mem 0x40000000-0xfdffffff window]
[    0.572014] pci_bus 0000:00: root bus resource [bus 00-ff]
[    0.588976] pci 0000:00:01.1: legacy IDE quirk: reg 0x10: [io  0x01f0-0x01f7]
[    0.592090] pci 0000:00:01.1: legacy IDE quirk: reg 0x14: [io  0x03f6]
[    0.596059] pci 0000:00:01.1: legacy IDE quirk: reg 0x18: [io  0x0170-0x0177]
[    0.600014] pci 0000:00:01.1: legacy IDE quirk: reg 0x1c: [io  0x0376]
[    0.642656] pci 0000:00:07.0: quirk: [io  0x4000-0x403f] claimed by PIIX4 ACPI
[    0.644026] pci 0000:00:07.0: quirk: [io  0x4100-0x410f] claimed by PIIX4 SMB
[    0.684044] ACPI: PCI Interrupt Link [LNKA] (IRQs 5 9 10 *11)
[    0.687529] ACPI: PCI Interrupt Link [LNKB] (IRQs 5 9 *10 11)
[    0.688148] ACPI: PCI Interrupt Link [LNKC] (IRQs 5 *9 10 11)
[    0.692172] ACPI: PCI Interrupt Link [LNKD] (IRQs 5 9 10 *11)
[    0.700481] SCSI subsystem initialized
[    0.704111] pci 0000:00:02.0: vgaarb: setting as boot VGA device
[    0.708000] pci 0000:00:02.0: vgaarb: VGA device added: decodes=io+mem,owns=io+mem,locks=none
[    0.708012] pci 0000:00:02.0: vgaarb: bridge control possible
[    0.712007] vgaarb: loaded
[    0.716067] ACPI: bus type USB registered
[    0.720044] usbcore: registered new interface driver usbfs
[    0.721117] usbcore: registered new interface driver hub
[    0.724057] usbcore: registered new device driver usb
[    0.728145] EDAC MC: Ver: 3.0.0
[    0.736065] PCI: Using ACPI for IRQ routing
[    0.744129] NetLabel: Initializing
[    0.748016] NetLabel:  domain hash size = 128
[    0.752005] NetLabel:  protocols = UNLABELED CIPSOv4 CALIPSO
[    0.756156] NetLabel:  unlabeled traffic allowed by default
[    0.760128] clocksource: Switched to clocksource kvm-clock
[    0.778324] VFS: Disk quotas dquot_6.6.
[    0.802] S:qu-cche hash tale entries: 512 (order 0, 4096 bytes)
[    1.220046] ApAorAppArmor Filesystem Enabled
[  1691]npPnAC iit
[   1.5297] pnp: PnP ACPI: found 3 evices

[    1.903179] clocksource: acpi_pm: mask: 0xffffff max_cycles: 0xffffff, max_idle_ns: 2085701024 ns
[    1.907115] NET: Registered protocol family 2
[    1.912855] TCP established hash table entries: 8192 (order: 4, 65536 bytes)
[    1.915533] TCP bin hash tableenri: 19 (order: 5, 131072 bytes)
[    2.107896] TCP: Hash tables configured (established 8192 bind 8192)
[    2.109179] UDP hash table entries: 512 (order: 2, 16384 bytes)
[    2.110319] UDP-Lite hash table entries: 512 (order: 2, 16384 bytes)
[    2.111364] NET: Registered prtol mily 1
[    2.238754] pci 0000:00:00.0: Limiting direct PCI/PCI transfer
[   2.3410 pci 0000:00:01.0: Activating ISA DMA hang workarounds
[    2.503985] pci 0000:00:02.0: Video device with shadowed ROM at [mem 0x000c0000-0x000dffff]
[    2.528] paki itrafs.

[    3.219096] Freeing initrd memory: 19728K
[    3.230657] clocksource: tsc: mask: 0xffffffffffffffff max_cycles: 0x26eb3cc21a9, max_idle_ns: 440795299783 ns
[    3.256854] platform rtc_cmos: registered platform RTC device (no PNP device found)
[    3.258527] Scanning for low memory corruption every 60 seconds
[    3.321551] Initialise system trusted keyrings
[    3.340337] Key type blacklist registered
[    3.344806] workingset: timestamp_bits=36 max_order=18 bucket_order=0
[    3.356348] zbud: loaded
[    3.362674] squashfs: version 4.0 (2009/01/31) Phillip Lougher
[    3.369185] fuse init (API version 7.26)
[    3.379818] Key type asymmetric registered
[    3.389479] Asymmetric key parser 'x509' registered
[    3.393520] Block layer SCSI generic (bsg) driver version 0.4 loaded (major 246)
[    3.403131] io scheduler noop registered
[    3.408840] io scheduler deadline registered
[    3.411456] io scheduler cfq registered (default)
[    3.425492] ACPI: AC Adapter [AC] (on-line)
[    3.426443] input: Power Button as /devices/LNXSYSTM:00/LNXPWRBN:00/input/input0
[    3.435134] ACPI: Power Button [PWRF]
[    3.437882] input: Sleep Button as /devices/LNXSYSTM:00/LNXSLPBN:00/input/input1
[    3.510338] ACPI: Sleep Button [SLPF]
[    3.533684] Serial: 8250/16550 driver, 32 ports, IRQ sharing enabled
[    3.353]AC: tty otBA] atryrent

[    4.176132] 00:02: ttyS0 at I/O 0x3f8 (irq = 4, base_baud = 115200) is a 16550A
[    4.302736] Linux agpgart interface v0.103
[    4.405416] loop: module loaded
[    4.453970] scsi host0: ata_piix
[    4.473595] scsi host1: ata_piix
[    4.482225] ata1: PATA max UDMA/33 cmd 0x1f0 ctl 0x3f6 bmdma 0xd000 irq 14
[    4.498544] ata2: PATA max UDMA/33 cmd 0x170 ctl 0x376 bmdma 0xd008 irq 15
[    4.559626] libphy: Fixed MDIO Bus: probed
[    4.670325] tun: Universal TUN/TAP device driver, 1.6
[    4.681302] PPP generic driver version 2.4.2
[    4.739039] ehci_hcd: USB 2.0 'Enhanced' Host Controller (EHCI) Driver
[    4.791370] ehci-pci: EHCI PCI platform driver
[    4.793416] ehci-platform: EHCI generic platform driver
[    4.883528] ohci_hcd: USB 1.1 'Open' Host Controller (OHCI) Driver
[    5.024484] ohci-pci: OHCI PCI platform driver
[    5.064676] ohci-platform: OHCI generic platform driver
[    5.065706] uhci_hcd: USB Universal Host Controller Interface driver
[    5.069008] i8042: PNP: PS/2 Controller [PNP0303:PS2K,PNP0f03:PS2M] at 0x60,0x64 irq 1,12
[    5.096422] serio: i8042 KBD port at 0x60,0x64 irq 1
[    5.212224] serio: i8042 AUX port at 0x60,0x64 irq 12
[    5.302179] mousedev: PS/2 mouse device common for all mice
[    5.351616] input: AT Translated Set 2 keyboard as /devices/platform/i8042/serio0/input/input2
[    5.495551] rtc_cmos rtc_cmos: rtc core: registered rtc_cmos as rtc0
[    5.558489] rtc_cmos rtc_cmos: alarms up to one day, 114 bytes nvram
[    5.641029] i2c /dev entries driver
[   5820]eve-pp: ve: rsion 1.0.3

[    6.132010] device-mapper: ioctl: 4.37.0-ioctl (2017-09-20) initialised: dm-devel@redhat.com
[    6.133824] ledtrig-cpu: registered to indicate activity on CPUs
[    6.190319] NET: Registered protocol family 10
[    6.201510] Segment Routing with IPv6
[    6.236424] NET: Registered protocol family 17
[    6.296466] Key type dns_resolver registered
[    6.341857] mce: Using 0 MCE banks
[    .385 R: rrtae Errors collecto itiiz.
[    68939scd_oc Mki stable(64746930)(19010, -12195746313)

[  7060]registered taskstats version 1
[    7.775968] Loading compiled-in X.509 certificates
[    7.781212] Loaded X.509 cert 'Build time autogenerated kernel key: f4f7241365689b0cbe3898188e65e316fd8f978d'
[    7.801805] zswap: loaded using pool lzo/zbud
[    7.823512] Key type big_key registered
[    7.839329] Key type trusted registered
[    7.852251] Key type encrypted registered
[    7.872349] AppArmor: AppArmor sha1 policy hashing enabled
[    7.889827] ima: No TPM chip found, activating TPM-bypass! (rc=-19)
[    7.909495] ima: Allocated hash algorithm: sha1
[    7.910478] evm: HMAC attrs: 0x1
[    7.922168]   Magic number: 15:13:323
[    7.95466] tty tty4: ha mtche
[  8.022] tc_cmos rtc_cmos: setting system clock to 2019-12-10 09:18:19 UTC (1575969499)
[    8.254739] BIOS EDD facility v0.16 2004-Jun-25, 0 devices found
[    8.261670] EDD information not available.
[    8.264834] Freeing unused kernel image memory: 2428K
[    9.252779] Write protecting the kernel read-only data: 20480k
[   10.484948] Freeing unused kernel image memory: 2008K
[   11.604139] Freeing unused kernel image memory: 1880K
[   12.598445] x86/mm: Checked W+X mappings: passed, no W+X pages found.
[   13.842602] x86/mm: Checking user space page tables
[   14.995930] x86/mm: Checked W+X mappings: passed, no W+X pages found.
Loading, please wait...
starting version 237
[   16.319763] e1000: Intel(R) PRO/1000 Network Driver - version 7.3.21-k8-NAPI
[   16.386207] e1000: Copyright (c) 1999-2006 Intel Corporation.
[   16.391490] Fusion MPT base driver 3.04.20
[   16.422577] Copyright (c) 1999-2008 LSI Corporation
[   16.457359] Fusion MPT SPI Host driver 3.04.20
[   16.530893] AVX2 version of gcm_enc/dec engaged.
[   16.537241] AES CTR mode by8 optimization enabled
[   16.662644] input: ImExPS/2 Generic Explorer Mouse as /devices/platform/i8042/serio1/input/input4
[   16.876307] e1000 0000:00:03.0 eth0: (PCI:33MHz:32-bit) 02:82:7a:7b:51:94
[   16.937104] e1000 0000:00:03.0 eth0: Intel(R) PRO/1000 Network Connection
[   17.313708] e1000 0000:00:08.0 eth1: (PCI:33MHz:32-bit) 08:00:27:7b:83:9c
[   17.316596] e1000 0000:00:08.0 eth1: Intel(R) PRO/1000 Network Connection
[   17.326502] e1000 0000:00:03.0 enp0s3: renamed from eth0
[   17.381623] mptbase: ioc0: Initiating bringup
[   17.404343] e1000 0000:00:08.0 enp0s8: renamed from eth1
[   17.488349] ioc0: LSI53C1030 A0: Capabilities={Initiator}
[   17.762912] scsi host2: ioc0: LSI53C1030 A0, FwRev=00000000h, Ports=1, MaxQ=256, IRQ=20
[   17.993580] scsi 2:0:0:0: Direct-Access     VBOX     HARDDISK         1.0  PQ: 0 ANSI: 5
[   18.180032] scsi target2:0:0: Beginning Domain Validation
[   18.196928] scsi target2:0:0: Domain Validation skipping write tests
[   18.209064] scsi target2:0:0: Ending Domain Validation
[   18.210262] scsi target2:0:0: asynchronous
[   18.226035] scsi 2:0:1:0: Direct-Access     VBOX     HARDDISK         1.0  PQ: 0 ANSI: 5
[   18.336463] scsi target2:0:1: Beginning Domain Validation
[   18.509277] random: fast init done
[   18.994307] scsi target2:0:1: Domain Validation skipping write tests
[   19.001877] scsi target2:0:1: Ending Domain Validation
[   19.003075] scsi target2:0:1: asynchronous
[   19.134179] random: systemd-udevd: uninitialized urandom read (16 bytes read)
[   19.137942] sd 2:0:0:0: Attached scsi generic sg0 type 0
[   19.138118] random: systemd-udevd: uninitialized urandom read (16 bytes read)
[   19.190652] random: systemd-udevd: uninitialized urandom read (16 bytes read)
[   19.190661] sd 2:0:0:0: [sda] 20971520 512-byte logical blocks: (10.7 GB/10.0 GiB)
[   19.193247] sd 2:0:1:0: Attached scsi generic sg1 type 0
[   19.233344] sd 2:0:0:0: [sda] Write Protect is off
[   19.233562] sd 2:0:1:0: [sdb] 20480 512-byte logical blocks: (10.5 MB/10.0 MiB)
[   19.246411] sd 2:0:1:0: [sdb] Write Protect is off
[   19.903594] sd 2:0:0:0: [sda] Incomplete mode parameter data
[   19.903696] sd 2:0:1:0: [sdb] Incomplete mode parameter data
[   19.909669] sd 2:0:0:0: [sda] Assuming drive cache: write through
[   19.917550] sd 2:0:1:0: [sdb] Assuming drive cache: write through
[   20.746013] sd 2:0:1:0: [sdb] Attached SCSI disk
[   20.819432]  sda: sda1
[   20.866320] sd 2:0:0:0: [sda] Attached SCSI disk
Begin: Loading essential drivers ... [   22.368315] raid6: sse2x1   gen() 10314 MB/s
[   22.514390] raid6: sse2x1   xor()  7459 MB/s
[   22.652963] raid6: sse2x2   gen() 11391 MB/s
[   22.801259] raid6: sse2x2   xor()  8357 MB/s
[   22.920761] raid6: sse2x4   gen() 13531 MB/s
[   23.016059] raid6: sse2x4   xor()  8621 MB/s
[   23.152143] raid6: avx2x1   gen() 17795 MB/s
[   23.348076] raid6: avx2x1   xor()  9728 MB/s
[   23.408066] raid6: avx2x2   gen() 18232 MB/s
[   23.572109] raid6: avx2x2   xor() 13386 MB/s
[   23.720541] raid6: avx2x4   gen() 26440 MB/s
[   23.872224] raid6: avx2x4   xor() 16458 MB/s
[   23.979618] raid6: using algorithm avx2x4 gen() 26440 MB/s
[   24.116354] raid6: .... xor() 16458 MB/s, rmw enabled
[   24.190485] raid6: using avx2x2 recovery algorithm
[   24.282798] xor: automatically using best checksumming function   avx       
[   24.367668] async_tx: api initialized (async)
done.
Begin: Running /scripts/init-premount ... done.
Begin: Mounting root file system ... Begin: Running /scripts/local-top ... done.
Begin: Running /scripts/local[   24.440867] Btrfs loaded, crc32c=crc32c-intel
-premount ... Scanning for Btrfs filesystems
done.
Warning: fsck not present, so sk[   24.531181] EXT4-fs (sda1): mounted filesystem with ordered data mode. Opts: (null)
ipping root file system
done.
Begin: Running /scripts/local-bottom ... done.
Begin: Running /scripts/init-bottom ... done.
[   24.893796] ip_tables: (C) 2000-2006 Netfilter Core Team
[   25.030783] systemd[1]: systemd 237 running in system mode. (+PAM +AUDIT +SELINUX +IMA +APPARMOR +SMACK +SYSVINIT +UTMP +LIBCRYPTSETUP +GCRYPT +GNUTLS +ACL +XZ +LZ4 +SECCOMP +BLKID +ELFUTILS +KMOD -IDN2 +IDN -PCRE2 default-hierarchy=hybrid)
[   25.247057] systemd[1]: Detected virtualization oracle.
[   25.269726] systemd[1]: Detected architecture x86-64.

Welcome to [1mUbuntu 18.04.3 LTS[0m!

[   25.308883] systemd[1]: Set hostname to <ubuntu-bionic>.
[   25.717185] systemd[1]: Started Forward Password Requests to Wall Directory Watch.
[[0;32m  OK  [0m] Started Forward Password Requests to Wall Directory Watch.
[   25.870987] systemd[1]: Created slice System Slice.
[[0;32m  OK  [0m] Created slice System Slice.
[   25.940487] systemd[1]: Listening on LVM2 metadata daemon socket.
[[0;32m  OK  [0m] Listening on LVM2 metadata daemon socket.
[   26.044693] systemd[1]: Listening on udev Kernel Socket.
[[0;32m  OK  [0m] Listening on udev Kernel Socket.
[   26.070192] systemd[1]: Listening on /dev/initctl Compatibility Named Pipe.
[[0;32m  OK  [0m] Listening on /dev/initctl Compatibility Named Pipe.
[   26.100754] systemd[1]: Listening on Device-mapper event daemon FIFOs.
[[0;32m  OK  [0m] Listening on Device-mapper event daemon FIFOs.
[[0;32m  OK  [0m] Created slice system-serial\x2dgetty.slice.
[[0;32m  OK  [0m] Listening on Journal Audit Socket.
[[0;32m  OK  [0m] Created slice User and Session Slice.
[[0;32m  OK  [0m] Set up automount Arbitrary Executab…rmats File System Automount Point.
[[0;32m  OK  [0m] Reached target User and Group Name Lookups.
[[0;32m  OK  [0m] Listening on udev Control Socket.
[[0;32m  OK  [0m] Reached target System Time Synchronized.
[[0;32m  OK  [0m] Listening on LVM2 poll daemon socket.
[[0;32m  OK  [0m] Reached target Slices.
[[0;32m  OK  [0m] Listening on Journal Socket.
         Starting udev Coldplug all Devices...
         Starting Remount Root and Kernel File Systems...
         Starting Uncompl[   26.663086] EXT4-fs (sda1): re-mounted. Opts: (null)
icated firewall...
         Mounting Kernel Debug File System...
         Mounting POSIX Message Queue File System...
         Starting Set the console keyboard layout...
         Starting Monitoring of LVM2 mirrors…ng dmeventd or progress polling...
         Mounting Huge Pages File System...
[[0;32m  OK  [0m] Reached target Swap.
[[0;32m  OK  [0m] Listening on Journal Socket (/dev/log).
         Starting Create list of required st…ce nodes for the current kernel...
[[0;32m  OK  [0m] Listening on Network Service Netlink Socket.
[[0;32m  OK  [0m] Listening on Syslog Socket.
         Starting Journal Service...
         Starting Load Kernel Modules...
[[0;32m  OK  [0m] Started Remount Root and Kernel File Systems.
[   27.171071] random: crng init done
[   27.173139] random: 7 urandom warning(s) missed due to ratelimiting
[   27.178032] Loading iSCSI transport class v2.0-870.
[[0;32m  OK  [0m] Started Uncom[   27.209702] iscsi: registered transport (tcp)
plicated firewall.
[   27.287294] iscsi: registered transport (iser)
[[0;32m  OK  [0m] Started Journal Service.
[[0;32m  OK  [0m] Mounted Kernel Debug File System.
[[0;32m  OK  [0m] Mounted POSIX Message Queue File System.
[[0;32m  OK  [0m] Started Set the console keyboard layout.
[[0;32m  OK  [0m] Mounted Huge Pages File System.
[[0;32m  OK  [0m] Started Create list of required sta…vice nodes for the current kernel.
[[0;32m  OK  [0m] Started Load Kernel Modules.
[[0;32m  OK  [0m] Started udev Coldplug all Devices.
[[0;32m  OK  [0m] Started LVM2 metadata daemon.
         Mounting FUSE Control File System...
         Starting Apply Kernel Variables...
         Mounting Kernel Configuration File System...
         Starting Create Static Device Nodes in /dev...
         Starting Load/Save Random Seed...
         Starting Flush Journal to Persistent Storage...
[[0;32m  OK  [0m] Started Monitoring of LVM2 mirrors,…sing dmeventd or progress polling.
[[0;32m  OK  [0m] Mounted FUSE Control File System.
[[0;32m  OK  [0m] Started Apply Kernel Variables.
[[0;32m  OK  [0m] Mounted Kernel Configuration File System.
[[0;32m  OK  [0m] Started Create Static Device Nodes in /dev.
[[0;32m  OK  [0m] Started Load/Save Random Seed.
         Starting udev Kernel Device Manager...
[[0;32m  OK  [0m] Reached target Local File Systems (Pre).
[[0;32m  OK  [0m] Reached target Local File Systems.
         Starting Set console font and keymap...
         Starting AppArmor initialization...
         Starting Tell Plymouth To Write Out Runtime Data...
         Starting ebtables ruleset management...
[[0;32m  OK  [0m] Started udev Kernel Device Manager.
[[0;32m  OK  [0m] Started Set console font and keymap.
[[0;32m  OK  [0m] Started Tell Plymouth To Write Out Runtime Data.
[[0;32m  OK  [0m] Found device /dev/ttyS0.
[[0;32m  OK  [0m] Started ebtables ruleset management.
[[0;32m  OK  [0m] Listening on Load/Save RF Kill Switch Status /dev/rfkill Watch.
[[0;32m  OK  [0m] Started Dispatch Password Requests to Console Directory Watch.
[[0;32m  OK  [0m] Reached target Local Encrypted Volumes.
[[0;32m  OK  [0m] Started Flush Journal to Persistent Storage.
         Starting Create Volatile Files and Directories...
[[0;32m  OK  [0m] Started AppArmor initialization.
[[0;32m  OK  [0m] Started Create Volatile Files and Directories.
         Starting Update UTMP about System Boot/Shutdown...
         Starting Initial cloud-init job (pre-networking)...
[[0;32m  OK  [0m] Started Update UTMP about System Boot/Shutdown.
[   30.216708] cloud-init[566]: Cloud-init v. 19.2-36-g059d049c-0ubuntu1~18.04.1 running 'init-local' at Tue, 10 Dec 2019 09:18:41 +0000. Up 29.83 seconds.
[[0;32m  OK  [0m] Started Initial cloud-init job (pre-networking).
[[0;32m  OK  [0m] Reached target Network (Pre).
         Starting Network Service...
[[0;32m  OK  [0m] Started Network Service.
         Starting Network Name Resolution...
         Starting Wait for Network to be Configured...
[[0;32m  OK  [0m] Started Network Name Resolution.
[[0;32m  OK  [0m] Reached target Network.
[[0;32m  OK  [0m] Reached target Host and Network Name Lookups.
[[0;32m  OK  [0m] Started Wait for Network to be Configured.
         Starting Initial cloud-init job (metadata service crawler)...
[   32.632790] cloud-init[700]: Cloud-init v. 19.2-36-g059d049c-0ubuntu1~18.04.1 running 'init' at Tue, 10 Dec 2019 09:18:43 +0000. Up 32.34 seconds.
[   32.672400] cloud-init[700]: ci-info: ++++++++++++++++++++++++++++++++++++++Net device info+++++++++++++++++++++++++++++++++++++++
[   32.752502] cloud-init[700]: ci-info: +--------+------+-----------------------------+---------------+--------+-------------------+
[   32.800332] cloud-init[700]: ci-info: | Device |  Up  |           Address           |      Mask     | Scope  |     Hw-Address    |
[   32.876628] cloud-init[700]: ci-info: +--------+------+-----------------------------+---------------+--------+-------------------+
[   32.912913] cloud-init[700]: ci-info: | enp0s3 | True |          10.0.2.15          | 255.255.255.0 | global | 02:82:7a:7b:51:94 |
[   32.948717] cloud-init[700]: ci-info: | enp0s3 | True |  fe80::82:7aff:fe7b:5194/64 |       .       |  link  | 02:82:7a:7b:51:94 |
[[0;32m  OK  [0m[   32.976129] ] cloud-initStarted Initial cloud-init job (metadata service crawler).[700]: 
ci-info: | enp0s8 | True |        192.168.33.10        | 255.255.255.0 | global | 08:00:27:7b:83:9c |
[   33.012735] cloud-init[700]: ci-info: | enp0s8 | True | fe80::a00:27ff:fe7b:839c/64 |       .       |  link  | 08:00:27:7b:83:9c |
[[0;32m  OK  [0m] Reached target System Initialization.
[[   33.060677] cloud-init[700]: ci-info: |   lo   | True |          127.0.0.1          |   255.0.0.0   |  host  |         .         |
[   33.073862] cloud-init[700]: ci-info: |   lo   | True |           ::1/128           |       .       |  host  |         .         |
[   33.074479] cloud-init[700]: ci-info: +--------+------+-----------------------------+---------------+--------+-------------------+
[0;32m  OK  [0m] Listening on D-Bus System Message Bus Socket.
[   33.074555] cloud-init[700]: ci-info: +++++++++++++++++++++++++++++Route IPv4 info+++++++++++++++++++++++++++++
[[0;32m  OK  [0m] Started ACPI Events Check.
[   33.126578] cloud-init[700]: ci-info: +-------+--------------+----------+-----------------+-----------+-------+
[[0;32m  OK  [0m] Reached target Paths.
[[0;32m  OK  [0m] Listening on ACPID Listen Socket.[   33.162733] 
cloud-init[700]: ci-info: | Route | Destination  | Gateway  |     Genmask     | Interface | Flags |
[[0;32m  OK  [0m] Started Message of the Day.
[   33.224375] cloud-init[700]: ci-info: +-------+--------------+----------+-----------------+-----------+-------+
[[   33.293078] cloud-init[700]: ci-info: |   0   |   0.0.0.0    | 10.0.2.2 |     0.0.0.0     |   enp0s3  |   UG  |
[   33.293311] cloud-init[700]: ci-info: |   1   |   10.0.2.0   | 0.0.0.0  |  255.255.255.0  |   enp0s3  |   U   |
[0;32m  OK  [0m] Listening on UUID daemon activation socket.
[   33.293393] cloud-init[700]: ci-info: |   2   |   10.0.2.2   | 0.0.0.0  | 255.255.255.255 |   enp0s3  |   UH  |
[[0;32m  OK  [0m] Started Discard unused blocks once a week.
[   33.361356] cloud-init[700]: ci-info: |   3   | 192.168.33.0 | 0.0.0.0  |  255.255.255.0  |   enp0s8  |   U   |
         [   33.424904] Starting LXD - unix socket.cloud-init
[700]: ci-info: +-------+--------------+----------+-----------------+-----------+-------+
[[0;32m  OK  [0m[   33.473573] ] cloud-initListening on Open-iSCSI iscsid Socket.[700]: 
ci-info: +++++++++++++++++++Route IPv6 info+++++++++++++++++++
[[   33.564312] cloud-init[700]: ci-info: +-------+-------------+---------+-----------+-------+
[   33.564517] cloud-init[700]: [0;32m  OK  [0mci-info: | Route | Destination | Gateway | Interface | Flags |] 
Started Daily Cleanup of Temporary Directories.
[   33.564965] cloud-init[700]: ci-info: +-------+-------------+---------+-----------+-------+
[[0;32m  OK  [0m[   33.669953] ] cloud-initStarted Daily apt download activities.[700]: 
ci-info: |   1   |  fe80::/64  |    ::   |   enp0s8  |   U   |
[[0;32m  OK  [0m] [   33.748812] Started Daily apt upgrade and clean activities.cloud-init
[700]: ci-info: |   2   |  fe80::/64  |    ::   |   enp0s3  |   U   |
[[   33.812321] cloud-init[700]: ci-info: |   4   |    local    |    ::   |   enp0s3  |   U   |
[   33.812467] cloud-init[700]: ci-info: |   5   |    local    |    ::   |   enp0s8  |   U   |
[0;32m  OK  [0m] Reached target Timers.
[   33.812771] cloud-init[700]: ci-info: |   6   |   ff00::/8  |    ::   |   enp0s8  |   U   |
         [   33.928356] Starting Socket activation for snappy daemon.cloud-init
[700]: ci-info: |   7   |   ff00::/8  |    ::   |   enp0s3  |   U   |
[[0;32m  OK  [0m[   33.996498] ] cloud-initReached target Network is Online.[700]: 
ci-info: +-------+-------------+---------+-----------+-------+
[[0;32m  OK  [0m] Reached target Remote File Systems (Pre).
[[0;32m  OK  [0m] Reached target Remote File Systems.
         Starting Availability of block devices...
[[0;32m  OK  [0m] Reached target Cloud-config availability.
[[0;32m  OK  [0m] Listening on LXD - unix socket.
[[0;32m  OK  [0m] Listening on Socket activation for snappy daemon.
[[0;32m  OK  [0m] Started Availability of block devices.
[[0;32m  OK  [0m] Reached target Sockets.
[[0;32m  OK  [0m] Reached target Basic System.
         Starting Permit User Sessions...
         Starting System Logging Service...
[[0;32m  OK  [0m] Started D-Bus System Message Bus.
         Starting LSB: Record successful boot for GRUB...
         Starting Accounts Service...
[[0;32m  OK  [0m] Started Deferred execution scheduler.
         Starting Dispatcher daemon for systemd-networkd...
         Starting LSB: automatic crash report generation...
[[0;32m  OK  [0m] Started FUSE filesystem for LXC.
[[0;32m  OK  [0m] Started Regular background program processing daemon.
         Starting OpenBSD Secure Shell server...
         Starting Login Service...
         Starting vboxadd.service...
[[0;32m  OK  [0m] Started irqbalance daemon.
         Starting Snappy daemon...
         Starting LXD - container startup/shutdown...
[[0;32m  OK  [0m] Started System Logging Service.
[[0;32m  OK  [0m] Started Permit User Sessions.
         Starting Authorization Manager...
         Starting Hold until boot process finishes up...
         Starting Terminate Plymouth Boot Screen...
[[0;32m  OK  [0m] Started Login Service.
[[0;32m  OK  [0m] Started Hold until boot process finishes up.
         Starting Set console scheme...
[[0;32m  OK  [0m] Started Serial Getty on ttyS0.
[[0;32m  OK  [0m] Started Unattended Upgrades Shutdown.
[[0;32m  OK  [0m] Started Terminate Plymouth Boot Screen.
[[0;32m  OK  [0m] Started LSB: automatic crash report generation.
[[0;32m  OK  [0m] Started Set console scheme.
[[0;32m  OK  [0m] Created slice system-getty.slice.
[[0;32m  OK  [0m] Started Getty on tty1.
[[0;32m  OK  [0m] Reached target Login Prompts.
[[0;32m  OK  [0m] Started Authorization Manager.
[[0;32m  OK  [0m] Started OpenBSD Secure Shell server.
[[0;32m  OK  [0m] Started Accounts Service.
[[0;32m  OK  [0m] Started LSB: Record successful boot for GRUB.
[[0;32m  OK  [0m] Created slice User Slice of vagrant.
[[0;32m  OK  [0m] Started LXD - container startup/shutdown.
[[0;32m  OK  [0m] Started Dispatcher daemon for systemd-networkd.
[[0;32m  OK  [0m] Started Session 1 of user vagrant.
         Starting User Manager for UID 1000...
[[0;32m  OK  [0m] Started Snappy daemon.
         Starting Wait until snapd is fully seeded...
[[0;32m  OK  [0m] Started Wait until snapd is fully seeded.
         Starting Apply the settings specified in cloud-config...
[[0;32m  OK  [0m] Started vboxadd.service.
         Starting vboxadd-service.service...
[[0;32m  OK  [0m] Started User Manager for UID 1000.
[[0;32m  OK  [0m] Started vboxadd-service.service.
[[0;32m  OK  [0m] Reached target Multi-User System.
[[0;32m  OK  [0m] Reached target Graphical Interface.
         Starting Update UTMP about System Runlevel Changes...
[[0;32m  OK  [0m] Started Update UTMP about System Runlevel Changes.
[   36.459903] cloud-init[1021]: Cloud-init v. 19.2-36-g059d049c-0ubuntu1~18.04.1 running 'modules:config' at Tue, 10 Dec 2019 09:18:47 +0000. Up 36.33 seconds.
[[0;32m  OK  [0m] Started Apply the settings specified in cloud-config.
         Starting Execute cloud user/final scripts...
[   37.110032] cloud-init[1123]: Cloud-init v. 19.2-36-g059d049c-0ubuntu1~18.04.1 running 'modules:final' at Tue, 10 Dec 2019 09:18:48 +0000. Up 36.98 seconds.
[   37.150413] cloud-init[1123]: Cloud-init v. 19.2-36-g059d049c-0ubuntu1~18.04.1 finished at Tue, 10 Dec 2019 09:18:48 +0000. Datasource DataSourceNoCloud [seed=/dev/sdb][dsmode=net].  Up 37.09 seconds
[[0;32m  OK  [0m] Started Execute cloud user/final scripts.
[[0;32m  OK  [0m] Reached target Cloud-init target.

Ubuntu 18.04.3 LTS ubuntu-bionic ttyS0

ubuntu-bionic login: 